*** Using Compiler 'V5.06 update 5 (build 528)', folder: 'D:\Keil_v5\ARM\ARMCC\Bin'
Build target 'Template'
assembling startup_stm32f10x_hd.s...
compiling core_cm3.c...
compiling stm32f10x_bkp.c...
compiling stm32f10x_crc.c...
compiling misc.c...
compiling stm32f10x_dac.c...
compiling stm32f10x_dbgmcu.c...
compiling stm32f10x_cec.c...
compiling stm32f10x_dma.c...
compiling stm32f10x_exti.c...
compiling stm32f10x_adc.c...
compiling stm32f10x_can.c...
compiling stm32f10x_flash.c...
compiling stm32f10x_gpio.c...
compiling stm32f10x_fsmc.c...
compiling stm32f10x_iwdg.c...
compiling stm32f10x_rtc.c...
compiling stm32f10x_pwr.c...
compiling stm32f10x_i2c.c...
compiling stm32f10x_spi.c...
compiling stm32f10x_sdio.c...
compiling stm32f10x_rcc.c...
compiling stm32f10x_tim.c...
compiling stm32f10x_usart.c...
compiling stm32f10x_wwdg.c...
compiling delay.c...
compiling usart.c...
..\SYSTEM\usart\usart.c(97): warning:  #223-D: function "NVIC_Init" declared implicitly
  	NVIC_Init(&NVIC_InitStructure);	//根据指定的参数初始化VIC寄存器
..\SYSTEM\usart\usart.c: 1 warning, 0 errors
compiling MyFlash.c...
compiling MyRTC.c...
compiling LED.c...
compiling Timer.c...
..\SYSTEM\Timer\Timer.c(38): warning:  #223-D: function "NVIC_Init" declared implicitly
  	NVIC_Init(&NVIC_InitTypeStructure);
..\SYSTEM\Timer\Timer.c: 1 warning, 0 errors
compiling Store.c...
compiling KEY.c...
compiling sys.c...
compiling Buzzer.c...
compiling LightSensor.c...
compiling CountSensor.c...
..\Hardware\CountSensor.c(40): warning:  #223-D: function "NVIC_Init" declared implicitly
  	NVIC_Init(&NVIC_InitStructure);	
..\Hardware\CountSensor.c: 1 warning, 0 errors
compiling Encoder.c...
compiling Serial.c...
..\Hardware\Serial.c(51): warning:  #223-D: function "NVIC_Init" declared implicitly
  	NVIC_Init(&NVIC_InitStructure);
..\Hardware\Serial.c: 1 warning, 0 errors
compiling MySPI.c...
compiling W25Q64.c...
compiling MPU6050.c...
compiling AD.c...
compiling stm32f10x_it.c...
compiling main.c...
compiling lcd.c...
compiling system_stm32f10x.c...
linking...
Program Size: Code=24782 RO-data=6418 RW-data=56 ZI-data=1240  
FromELF: creating hex file...
"..\OBJ\Template.axf" - 0 Error(s), 4 Warning(s).
Build Time Elapsed:  00:00:02
